<?xml version="1.0" encoding="UTF-8"?>
<!-- Generated by org.testng.reporters.JUnitReportReporter -->
<testsuite hostname="MOV-Yazmin" failures="0" tests="1" name="TestDelProyecto.main" time="50.892" errors="0" timestamp="2021-02-19T18:13:00 CST" skipped="0">
  <testcase classname="TestDelProyecto.main" name="registroAgreagarAlCarro" time="50.892"/>
  <system-out/>
</testsuite> <!-- TestDelProyecto.main -->
