<?xml version="1.0" encoding="UTF-8"?>
<!-- Generated by org.testng.reporters.JUnitReportReporter -->
<testsuite hostname="MOV-Yazmin" failures="0" tests="1" name="TestDelProyecto.alertas" time="11.828" errors="0" timestamp="2021-02-19T18:13:38 CST" skipped="0">
  <testcase classname="TestDelProyecto.alertas" name="ejemAletas" time="11.828"/>
  <system-out/>
</testsuite> <!-- TestDelProyecto.alertas -->
